<?xml version="1.0" encoding="UTF-8"?>
<!-- Generated by org.testng.reporters.JUnitReportReporter -->
<testsuite hostname="SJC-1LJOSEPH-LT" failures="0" tests="1" name="LearningTestNG.TestNGAnnotation_2" time="0.008" errors="0" timestamp="2021-11-28T11:57:34 PST" skipped="0">
  <testcase classname="LearningTestNG.TestNGAnnotation_2" name="test3" time="0.008"/>
  <system-out/>
</testsuite> <!-- LearningTestNG.TestNGAnnotation_2 -->
