<?xml version="1.0" encoding="UTF-8"?>
<!-- Generated by org.testng.reporters.JUnitReportReporter -->
<testsuite hostname="SJC-1LJOSEPH-LT" failures="0" tests="1" name="LearningTestNG.TestNGAnnotation_1" time="0.001" errors="0" timestamp="2021-11-28T11:57:34 PST" skipped="0">
  <testcase classname="LearningTestNG.TestNGAnnotation_1" name="test1" time="0.001"/>
  <system-out/>
</testsuite> <!-- LearningTestNG.TestNGAnnotation_1 -->
